<?xml version="1.0" encoding="UTF-8"?>
<!-- Generated by org.testng.reporters.JUnitReportReporter -->
<testsuite hostname="DESKTOP-DRH83U0" failures="0" tests="1" name="createcustomer.Editing" time="0.015" errors="0" timestamp="2023-01-23T12:41:51 IST" skipped="0">
  <testcase classname="createcustomer.Editing" name="edited" time="0.015"/>
  <system-out/>
</testsuite> <!-- createcustomer.Editing -->
