<?xml version="1.0" encoding="UTF-8"?>
<!-- Generated by org.testng.reporters.JUnitReportReporter -->
<testsuite hostname="DESKTOP-DRH83U0" failures="0" tests="1" name="createcustomer.Testing" time="0.000" errors="0" timestamp="2023-01-23T12:42:09 IST" skipped="0">
  <testcase classname="createcustomer.Testing" name="tested" time="0.000"/>
  <system-out/>
</testsuite> <!-- createcustomer.Testing -->
